Determining if the pthread_create exist failed with the following output:
Change Dir: /home/lap11852/Desktop/key-value-store/Server/CMakeFiles/CMakeTmp

Run Build Command:"/usr/bin/make" "cmTC_86dab/fast"
/usr/bin/make -f CMakeFiles/cmTC_86dab.dir/build.make CMakeFiles/cmTC_86dab.dir/build
make[1]: Entering directory '/home/lap11852/Desktop/key-value-store/Server/CMakeFiles/CMakeTmp'
Building C object CMakeFiles/cmTC_86dab.dir/CheckSymbolExists.c.o
/usr/bin/cc    -o CMakeFiles/cmTC_86dab.dir/CheckSymbolExists.c.o   -c /home/lap11852/Desktop/key-value-store/Server/CMakeFiles/CMakeTmp/CheckSymbolExists.c
Linking C executable cmTC_86dab
/usr/local/bin/cmake -E cmake_link_script CMakeFiles/cmTC_86dab.dir/link.txt --verbose=1
/usr/bin/cc      CMakeFiles/cmTC_86dab.dir/CheckSymbolExists.c.o  -o cmTC_86dab 
CMakeFiles/cmTC_86dab.dir/CheckSymbolExists.c.o: In function `main':
CheckSymbolExists.c:(.text+0x1b): undefined reference to `pthread_create'
collect2: error: ld returned 1 exit status
CMakeFiles/cmTC_86dab.dir/build.make:86: recipe for target 'cmTC_86dab' failed
make[1]: *** [cmTC_86dab] Error 1
make[1]: Leaving directory '/home/lap11852/Desktop/key-value-store/Server/CMakeFiles/CMakeTmp'
Makefile:121: recipe for target 'cmTC_86dab/fast' failed
make: *** [cmTC_86dab/fast] Error 2

File /home/lap11852/Desktop/key-value-store/Server/CMakeFiles/CMakeTmp/CheckSymbolExists.c:
/* */
#include <pthread.h>

int main(int argc, char** argv)
{
  (void)argv;
#ifndef pthread_create
  return ((int*)(&pthread_create))[argc];
#else
  (void)argc;
  return 0;
#endif
}

Determining if the function pthread_create exists in the pthreads failed with the following output:
Change Dir: /home/lap11852/Desktop/key-value-store/Server/CMakeFiles/CMakeTmp

Run Build Command:"/usr/bin/make" "cmTC_9a7c3/fast"
/usr/bin/make -f CMakeFiles/cmTC_9a7c3.dir/build.make CMakeFiles/cmTC_9a7c3.dir/build
make[1]: Entering directory '/home/lap11852/Desktop/key-value-store/Server/CMakeFiles/CMakeTmp'
Building C object CMakeFiles/cmTC_9a7c3.dir/CheckFunctionExists.c.o
/usr/bin/cc   -DCHECK_FUNCTION_EXISTS=pthread_create   -o CMakeFiles/cmTC_9a7c3.dir/CheckFunctionExists.c.o   -c /usr/local/share/cmake-3.13/Modules/CheckFunctionExists.c
Linking C executable cmTC_9a7c3
/usr/local/bin/cmake -E cmake_link_script CMakeFiles/cmTC_9a7c3.dir/link.txt --verbose=1
/usr/bin/cc  -DCHECK_FUNCTION_EXISTS=pthread_create    CMakeFiles/cmTC_9a7c3.dir/CheckFunctionExists.c.o  -o cmTC_9a7c3 -lpthreads 
/usr/bin/ld: cannot find -lpthreads
collect2: error: ld returned 1 exit status
CMakeFiles/cmTC_9a7c3.dir/build.make:86: recipe for target 'cmTC_9a7c3' failed
make[1]: *** [cmTC_9a7c3] Error 1
make[1]: Leaving directory '/home/lap11852/Desktop/key-value-store/Server/CMakeFiles/CMakeTmp'
Makefile:121: recipe for target 'cmTC_9a7c3/fast' failed
make: *** [cmTC_9a7c3/fast] Error 2


Determining if the pthread_create exist failed with the following output:
Change Dir: /home/lap11852/Desktop/key-value-store/Server/CMakeFiles/CMakeTmp

Run Build Command:"/usr/bin/make" "cmTC_c0162/fast"
make[1]: Entering directory '/home/lap11852/Desktop/key-value-store/Server/CMakeFiles/CMakeTmp'
/usr/bin/make -f CMakeFiles/cmTC_c0162.dir/build.make CMakeFiles/cmTC_c0162.dir/build
make[2]: Entering directory '/home/lap11852/Desktop/key-value-store/Server/CMakeFiles/CMakeTmp'
Building C object CMakeFiles/cmTC_c0162.dir/CheckSymbolExists.c.o
/usr/bin/cc    -o CMakeFiles/cmTC_c0162.dir/CheckSymbolExists.c.o   -c /home/lap11852/Desktop/key-value-store/Server/CMakeFiles/CMakeTmp/CheckSymbolExists.c
Linking C executable cmTC_c0162
/usr/local/bin/cmake -E cmake_link_script CMakeFiles/cmTC_c0162.dir/link.txt --verbose=1
/usr/bin/cc      CMakeFiles/cmTC_c0162.dir/CheckSymbolExists.c.o  -o cmTC_c0162 
CMakeFiles/cmTC_c0162.dir/CheckSymbolExists.c.o: In function `main':
CheckSymbolExists.c:(.text+0x1b): undefined reference to `pthread_create'
collect2: error: ld returned 1 exit status
CMakeFiles/cmTC_c0162.dir/build.make:86: recipe for target 'cmTC_c0162' failed
make[2]: *** [cmTC_c0162] Error 1
make[2]: Leaving directory '/home/lap11852/Desktop/key-value-store/Server/CMakeFiles/CMakeTmp'
Makefile:121: recipe for target 'cmTC_c0162/fast' failed
make[1]: *** [cmTC_c0162/fast] Error 2
make[1]: Leaving directory '/home/lap11852/Desktop/key-value-store/Server/CMakeFiles/CMakeTmp'

File /home/lap11852/Desktop/key-value-store/Server/CMakeFiles/CMakeTmp/CheckSymbolExists.c:
/* */
#include <pthread.h>

int main(int argc, char** argv)
{
  (void)argv;
#ifndef pthread_create
  return ((int*)(&pthread_create))[argc];
#else
  (void)argc;
  return 0;
#endif
}

Determining if the function pthread_create exists in the pthreads failed with the following output:
Change Dir: /home/lap11852/Desktop/key-value-store/Server/CMakeFiles/CMakeTmp

Run Build Command:"/usr/bin/make" "cmTC_306c6/fast"
make[1]: Entering directory '/home/lap11852/Desktop/key-value-store/Server/CMakeFiles/CMakeTmp'
/usr/bin/make -f CMakeFiles/cmTC_306c6.dir/build.make CMakeFiles/cmTC_306c6.dir/build
make[2]: Entering directory '/home/lap11852/Desktop/key-value-store/Server/CMakeFiles/CMakeTmp'
Building C object CMakeFiles/cmTC_306c6.dir/CheckFunctionExists.c.o
/usr/bin/cc   -DCHECK_FUNCTION_EXISTS=pthread_create   -o CMakeFiles/cmTC_306c6.dir/CheckFunctionExists.c.o   -c /usr/local/share/cmake-3.13/Modules/CheckFunctionExists.c
Linking C executable cmTC_306c6
/usr/local/bin/cmake -E cmake_link_script CMakeFiles/cmTC_306c6.dir/link.txt --verbose=1
/usr/bin/cc  -DCHECK_FUNCTION_EXISTS=pthread_create    CMakeFiles/cmTC_306c6.dir/CheckFunctionExists.c.o  -o cmTC_306c6 -lpthreads 
/usr/bin/ld: cannot find -lpthreads
collect2: error: ld returned 1 exit status
CMakeFiles/cmTC_306c6.dir/build.make:86: recipe for target 'cmTC_306c6' failed
make[2]: *** [cmTC_306c6] Error 1
make[2]: Leaving directory '/home/lap11852/Desktop/key-value-store/Server/CMakeFiles/CMakeTmp'
Makefile:121: recipe for target 'cmTC_306c6/fast' failed
make[1]: *** [cmTC_306c6/fast] Error 2
make[1]: Leaving directory '/home/lap11852/Desktop/key-value-store/Server/CMakeFiles/CMakeTmp'


