Determining if the pthread_create exist failed with the following output:
Change Dir: /home/lap11852/Desktop/key-value-store/Client/CMakeFiles/CMakeTmp

Run Build Command:"/usr/bin/make" "cmTC_9a884/fast"
/usr/bin/make -f CMakeFiles/cmTC_9a884.dir/build.make CMakeFiles/cmTC_9a884.dir/build
make[1]: Entering directory '/home/lap11852/Desktop/key-value-store/Client/CMakeFiles/CMakeTmp'
Building C object CMakeFiles/cmTC_9a884.dir/CheckSymbolExists.c.o
/usr/bin/cc    -o CMakeFiles/cmTC_9a884.dir/CheckSymbolExists.c.o   -c /home/lap11852/Desktop/key-value-store/Client/CMakeFiles/CMakeTmp/CheckSymbolExists.c
Linking C executable cmTC_9a884
/usr/local/bin/cmake -E cmake_link_script CMakeFiles/cmTC_9a884.dir/link.txt --verbose=1
/usr/bin/cc      CMakeFiles/cmTC_9a884.dir/CheckSymbolExists.c.o  -o cmTC_9a884 
CMakeFiles/cmTC_9a884.dir/CheckSymbolExists.c.o: In function `main':
CheckSymbolExists.c:(.text+0x1b): undefined reference to `pthread_create'
collect2: error: ld returned 1 exit status
CMakeFiles/cmTC_9a884.dir/build.make:86: recipe for target 'cmTC_9a884' failed
make[1]: *** [cmTC_9a884] Error 1
make[1]: Leaving directory '/home/lap11852/Desktop/key-value-store/Client/CMakeFiles/CMakeTmp'
Makefile:121: recipe for target 'cmTC_9a884/fast' failed
make: *** [cmTC_9a884/fast] Error 2

File /home/lap11852/Desktop/key-value-store/Client/CMakeFiles/CMakeTmp/CheckSymbolExists.c:
/* */
#include <pthread.h>

int main(int argc, char** argv)
{
  (void)argv;
#ifndef pthread_create
  return ((int*)(&pthread_create))[argc];
#else
  (void)argc;
  return 0;
#endif
}

Determining if the function pthread_create exists in the pthreads failed with the following output:
Change Dir: /home/lap11852/Desktop/key-value-store/Client/CMakeFiles/CMakeTmp

Run Build Command:"/usr/bin/make" "cmTC_091e1/fast"
/usr/bin/make -f CMakeFiles/cmTC_091e1.dir/build.make CMakeFiles/cmTC_091e1.dir/build
make[1]: Entering directory '/home/lap11852/Desktop/key-value-store/Client/CMakeFiles/CMakeTmp'
Building C object CMakeFiles/cmTC_091e1.dir/CheckFunctionExists.c.o
/usr/bin/cc   -DCHECK_FUNCTION_EXISTS=pthread_create   -o CMakeFiles/cmTC_091e1.dir/CheckFunctionExists.c.o   -c /usr/local/share/cmake-3.13/Modules/CheckFunctionExists.c
Linking C executable cmTC_091e1
/usr/local/bin/cmake -E cmake_link_script CMakeFiles/cmTC_091e1.dir/link.txt --verbose=1
/usr/bin/cc  -DCHECK_FUNCTION_EXISTS=pthread_create    CMakeFiles/cmTC_091e1.dir/CheckFunctionExists.c.o  -o cmTC_091e1 -lpthreads 
/usr/bin/ld: cannot find -lpthreads
collect2: error: ld returned 1 exit status
CMakeFiles/cmTC_091e1.dir/build.make:86: recipe for target 'cmTC_091e1' failed
make[1]: *** [cmTC_091e1] Error 1
make[1]: Leaving directory '/home/lap11852/Desktop/key-value-store/Client/CMakeFiles/CMakeTmp'
Makefile:121: recipe for target 'cmTC_091e1/fast' failed
make: *** [cmTC_091e1/fast] Error 2


